2021-07-14 18:33:33 [main] INFO  o.s.b.t.c.SpringBootTestContextBootstrapper - Neither @ContextConfiguration nor @ContextHierarchy found for test class [com.microservices.demo.twitter.to.kafka.service.TwitterToKafkaServiceApplicationTests], using SpringBootContextLoader
2021-07-14 18:33:33 [main] INFO  o.s.t.c.s.AbstractContextLoader - Could not detect default resource locations for test class [com.microservices.demo.twitter.to.kafka.service.TwitterToKafkaServiceApplicationTests]: no resource found for suffixes {-context.xml, Context.groovy}.
2021-07-14 18:33:33 [main] INFO  o.s.t.c.s.AnnotationConfigContextLoaderUtils - Could not detect default configuration classes for test class [com.microservices.demo.twitter.to.kafka.service.TwitterToKafkaServiceApplicationTests]: TwitterToKafkaServiceApplicationTest does not declare any static, non-private, non-final, nested classes annotated with @Configuration.
2021-07-14 18:33:33 [main] INFO  o.s.b.t.c.SpringBootTestContextBootstrapper - Found @SpringBootConfiguration com.microservices.demo.twitter.to.kafka.service.TwitterToKafkaServiceApplication for test class com.microservices.demo.twitter.to.kafka.service.TwitterToKafkaServiceApplicationTests
2021-07-14 18:33:34 [main] INFO  o.s.b.t.c.SpringBootTestContextBootstrapper - Loaded default TestExecutionListener class names from location [META-INF/spring.factories]: [org.springframework.boot.test.mock.mockito.MockitoTestExecutionListener, org.springframework.boot.test.mock.mockito.ResetMocksTestExecutionListener, org.springframework.boot.test.autoconfigure.restdocs.RestDocsTestExecutionListener, org.springframework.boot.test.autoconfigure.web.client.MockRestServiceServerResetTestExecutionListener, org.springframework.boot.test.autoconfigure.web.servlet.MockMvcPrintOnlyOnFailureTestExecutionListener, org.springframework.boot.test.autoconfigure.web.servlet.WebDriverTestExecutionListener, org.springframework.boot.test.autoconfigure.webservices.client.MockWebServiceServerTestExecutionListener, org.springframework.test.context.web.ServletTestExecutionListener, org.springframework.test.context.support.DirtiesContextBeforeModesTestExecutionListener, org.springframework.test.context.support.DependencyInjectionTestExecutionListener, org.springframework.test.context.support.DirtiesContextTestExecutionListener, org.springframework.test.context.transaction.TransactionalTestExecutionListener, org.springframework.test.context.jdbc.SqlScriptsTestExecutionListener, org.springframework.test.context.event.EventPublishingTestExecutionListener]
2021-07-14 18:33:34 [main] INFO  o.s.b.t.c.SpringBootTestContextBootstrapper - Using TestExecutionListeners: [org.springframework.test.context.support.DirtiesContextBeforeModesTestExecutionListener@267f474e, org.springframework.boot.test.mock.mockito.MockitoTestExecutionListener@7a7471ce, org.springframework.boot.test.autoconfigure.SpringBootDependencyInjectionTestExecutionListener@28276e50, org.springframework.test.context.support.DirtiesContextTestExecutionListener@62e70ea3, org.springframework.test.context.transaction.TransactionalTestExecutionListener@3efe7086, org.springframework.test.context.jdbc.SqlScriptsTestExecutionListener@675d8c96, org.springframework.test.context.event.EventPublishingTestExecutionListener@741b3bc3, org.springframework.boot.test.mock.mockito.ResetMocksTestExecutionListener@2ed3b1f5, org.springframework.boot.test.autoconfigure.restdocs.RestDocsTestExecutionListener@63648ee9, org.springframework.boot.test.autoconfigure.web.client.MockRestServiceServerResetTestExecutionListener@68d6972f, org.springframework.boot.test.autoconfigure.web.servlet.MockMvcPrintOnlyOnFailureTestExecutionListener@45be7cd5, org.springframework.boot.test.autoconfigure.web.servlet.WebDriverTestExecutionListener@7651218e, org.springframework.boot.test.autoconfigure.webservices.client.MockWebServiceServerTestExecutionListener@3185fa6b]
2021-07-14 18:33:39 [main] INFO  c.m.d.t.t.k.s.TwitterToKafkaServiceApplicationTest - Starting TwitterToKafkaServiceApplicationTest on MacBook-Pro-de-Antonio.local with PID 32623 (started by antoniosanchez in /Users/antoniosanchez/Documents/Aplicaciones/Spring/microservices-demo/twitter-to-kafka-service)
2021-07-14 18:33:39 [main] INFO  c.m.d.t.t.k.s.TwitterToKafkaServiceApplicationTest - No active profile set, falling back to default profiles: default
2021-07-14 18:33:41 [main] INFO  o.a.k.c.admin.AdminClientConfig - AdminClientConfig values: 
	bootstrap.servers = [localhost:19092, localhost:29092, localhost:39092]
	client.dns.lookup = default
	client.id = 
	connections.max.idle.ms = 300000
	default.api.timeout.ms = 60000
	metadata.max.age.ms = 300000
	metric.reporters = []
	metrics.num.samples = 2
	metrics.recording.level = INFO
	metrics.sample.window.ms = 30000
	receive.buffer.bytes = 65536
	reconnect.backoff.max.ms = 1000
	reconnect.backoff.ms = 50
	request.timeout.ms = 30000
	retries = 2147483647
	retry.backoff.ms = 100
	sasl.client.callback.handler.class = null
	sasl.jaas.config = null
	sasl.kerberos.kinit.cmd = /usr/bin/kinit
	sasl.kerberos.min.time.before.relogin = 60000
	sasl.kerberos.service.name = null
	sasl.kerberos.ticket.renew.jitter = 0.05
	sasl.kerberos.ticket.renew.window.factor = 0.8
	sasl.login.callback.handler.class = null
	sasl.login.class = null
	sasl.login.refresh.buffer.seconds = 300
	sasl.login.refresh.min.period.seconds = 60
	sasl.login.refresh.window.factor = 0.8
	sasl.login.refresh.window.jitter = 0.05
	sasl.mechanism = GSSAPI
	security.protocol = PLAINTEXT
	security.providers = null
	send.buffer.bytes = 131072
	ssl.cipher.suites = null
	ssl.enabled.protocols = [TLSv1.2]
	ssl.endpoint.identification.algorithm = https
	ssl.key.password = null
	ssl.keymanager.algorithm = SunX509
	ssl.keystore.location = null
	ssl.keystore.password = null
	ssl.keystore.type = JKS
	ssl.protocol = TLSv1.2
	ssl.provider = null
	ssl.secure.random.implementation = null
	ssl.trustmanager.algorithm = PKIX
	ssl.truststore.location = null
	ssl.truststore.password = null
	ssl.truststore.type = JKS

2021-07-14 18:33:41 [main] INFO  o.a.kafka.common.utils.AppInfoParser - Kafka version: 2.5.1
2021-07-14 18:33:41 [main] INFO  o.a.kafka.common.utils.AppInfoParser - Kafka commitId: 0efa8fb0f4c73d92
2021-07-14 18:33:41 [main] INFO  o.a.kafka.common.utils.AppInfoParser - Kafka startTimeMs: 1626280421405
2021-07-14 18:33:42 [main] INFO  c.m.d.t.t.k.s.TwitterToKafkaServiceApplicationTest - Started TwitterToKafkaServiceApplicationTest in 8.307 seconds (JVM running for 10.024)
2021-07-14 18:33:42 [main] INFO  c.m.d.t.t.k.s.TwitterToKafkaServiceApplication - Application starts...
2021-07-14 18:33:42 [main] INFO  c.m.d.k.a.client.KafkaAdminClient - Creating 1 topic(s) attemp 0
2021-07-14 18:33:42 [main] INFO  c.m.d.k.a.client.KafkaAdminClient - Reading kafka topic [twitter-topic] topic(s) attemp 0
2021-07-14 18:33:42 [main] INFO  c.m.d.t.t.k.s.i.i.KafkaStreamInitializer - Topic with name twitter-topic is ready for operations!
2021-07-14 18:33:43 [Twitter Stream consumer /  [1][initializing]] INFO  twitter4j.TwitterStreamImpl - Establishing connection.
2021-07-14 18:33:43 [main] INFO  c.m.d.t.t.k.s.r.i.TwitterKafkaStreamRunner - Starting filtering twitter stream for keywords [Java, Microservices, Spring, Kafka, Elasticsearch]
2021-07-14 18:33:44 [Twitter Stream consumer /  [1][Establishing connection]] INFO  twitter4j.TwitterStreamImpl - Connection established.
2021-07-14 18:33:44 [Twitter Stream consumer /  [1][Establishing connection]] INFO  twitter4j.TwitterStreamImpl - Receiving status stream.
2021-07-14 18:33:44 [Twitter Stream consumer /  [1][Receiving stream]] INFO  twitter4j.TwitterStreamImpl - Task twitter4j.StatusStreamBase$1@3272094f rejected from java.util.concurrent.ThreadPoolExecutor@5a7881d4[Terminated, pool size = 0, active threads = 0, queued tasks = 0, completed tasks = 0]
2021-07-14 18:33:45 [SpringContextShutdownHook] INFO  c.m.d.t.t.k.s.r.i.TwitterKafkaStreamRunner - Closing twitter stream
2021-07-14 18:33:45 [SpringContextShutdownHook] INFO  c.m.d.k.p.c.s.TwitterKafkaProducer - Closing Kafka producer!
