2021-08-10 18:06:13 [background-preinit] INFO  o.h.validator.internal.util.Version - HV000001: Hibernate Validator 6.1.5.Final
2021-08-10 18:06:51 [main] INFO  c.m.demo.config.server.ConfigServer - No active profile set, falling back to default profiles: default
2021-08-10 18:07:41 [main] INFO  o.s.cloud.context.scope.GenericScope - BeanFactory id=2a519873-3bf9-3410-9240-bed5bf7485b8
2021-08-10 18:07:54 [main] INFO  o.s.b.w.e.tomcat.TomcatWebServer - Tomcat initialized with port(s): 8888 (http)
2021-08-10 18:07:54 [main] INFO  o.a.coyote.http11.Http11NioProtocol - Initializing ProtocolHandler ["http-nio-8888"]
2021-08-10 18:07:54 [main] INFO  o.a.catalina.core.StandardService - Starting service [Tomcat]
2021-08-10 18:07:54 [main] INFO  o.a.catalina.core.StandardEngine - Starting Servlet engine: [Apache Tomcat/9.0.38]
2021-08-10 18:08:06 [main] INFO  o.a.c.c.C.[Tomcat].[localhost].[/] - Initializing Spring embedded WebApplicationContext
2021-08-10 18:08:07 [main] INFO  o.s.b.w.s.c.ServletWebServerApplicationContext - Root WebApplicationContext: initialization completed in 74900 ms
2021-08-10 18:08:26 [main] INFO  o.s.s.c.ThreadPoolTaskExecutor - Initializing ExecutorService 'applicationTaskExecutor'
2021-08-10 18:09:05 [main] INFO  o.s.s.web.DefaultSecurityFilterChain - Creating filter chain: Ant [pattern='/actuator/**'], []
2021-08-10 18:09:05 [main] INFO  o.s.s.web.DefaultSecurityFilterChain - Creating filter chain: Ant [pattern='/encrypt/**'], []
2021-08-10 18:09:05 [main] INFO  o.s.s.web.DefaultSecurityFilterChain - Creating filter chain: Ant [pattern='/decrypt/**'], []
2021-08-10 18:09:06 [main] INFO  o.s.s.web.DefaultSecurityFilterChain - Creating filter chain: any request, [org.springframework.security.web.context.request.async.WebAsyncManagerIntegrationFilter@74e4be21, org.springframework.security.web.context.SecurityContextPersistenceFilter@86377d5, org.springframework.security.web.header.HeaderWriterFilter@3cf06a01, org.springframework.security.web.csrf.CsrfFilter@5c740c5a, org.springframework.security.web.authentication.logout.LogoutFilter@eebc0db, org.springframework.security.web.authentication.UsernamePasswordAuthenticationFilter@549d14fe, org.springframework.security.web.authentication.ui.DefaultLoginPageGeneratingFilter@30ef32eb, org.springframework.security.web.authentication.ui.DefaultLogoutPageGeneratingFilter@4d174189, org.springframework.security.web.authentication.www.BasicAuthenticationFilter@6eb00cbe, org.springframework.security.web.savedrequest.RequestCacheAwareFilter@77998ea7, org.springframework.security.web.servletapi.SecurityContextHolderAwareRequestFilter@76e9eed8, org.springframework.security.web.authentication.AnonymousAuthenticationFilter@628bd77e, org.springframework.security.web.session.SessionManagementFilter@68f2363, org.springframework.security.web.access.ExceptionTranslationFilter@4af7ac25, org.springframework.security.web.access.intercept.FilterSecurityInterceptor@470c4229]
2021-08-10 18:09:08 [main] INFO  o.s.b.a.e.web.EndpointLinksResolver - Exposing 2 endpoint(s) beneath base path '/actuator'
2021-08-10 18:09:09 [main] INFO  o.a.coyote.http11.Http11NioProtocol - Starting ProtocolHandler ["http-nio-8888"]
2021-08-10 18:09:09 [main] INFO  o.s.b.w.e.tomcat.TomcatWebServer - Tomcat started on port(s): 8888 (http) with context path ''
2021-08-10 18:09:09 [main] INFO  c.m.demo.config.server.ConfigServer - Started ConfigServer in 196.041 seconds (JVM running for 229.069)
2021-08-10 18:09:12 [http-nio-8888-exec-1] INFO  o.a.c.c.C.[Tomcat].[localhost].[/] - Initializing Spring DispatcherServlet 'dispatcherServlet'
2021-08-10 18:09:12 [http-nio-8888-exec-1] INFO  o.s.web.servlet.DispatcherServlet - Initializing Servlet 'dispatcherServlet'
2021-08-10 18:09:12 [http-nio-8888-exec-1] INFO  o.s.web.servlet.DispatcherServlet - Completed initialization in 119 ms
2021-08-10 18:10:00 [http-nio-8888-exec-2] INFO  o.s.c.c.s.e.NativeEnvironmentRepository - Adding property source: file:/tmp/config-repo-8491748552806486156/config-client-twitter_to_kafka.yml
2021-08-10 18:10:00 [http-nio-8888-exec-2] INFO  o.s.c.c.s.e.NativeEnvironmentRepository - Adding property source: file:/tmp/config-repo-8491748552806486156/config-client.yml
2021-08-10 18:12:01 [http-nio-8888-exec-4] INFO  o.s.c.c.s.e.NativeEnvironmentRepository - Adding property source: file:/tmp/config-repo-8491748552806486156/config-client-kafka_to_elastic.yml
2021-08-10 18:12:01 [http-nio-8888-exec-4] INFO  o.s.c.c.s.e.NativeEnvironmentRepository - Adding property source: file:/tmp/config-repo-8491748552806486156/config-client.yml
2021-08-10 18:17:26 [SpringContextShutdownHook] INFO  o.s.s.c.ThreadPoolTaskExecutor - Shutting down ExecutorService 'applicationTaskExecutor'
